2025-02-27 17:22:05,011 - INFO - 开始构建过程...
2025-02-27 17:22:05,012 - INFO - 开始打包主程序...
2025-02-27 17:22:05,012 - INFO - 执行命令: rmdir /s /q build
2025-02-27 17:22:05,046 - INFO - 命令输出:

2025-02-27 17:22:05,047 - INFO - 执行命令: rmdir /s /q dist
2025-02-27 17:22:05,073 - INFO - 命令输出:

2025-02-27 17:22:05,074 - INFO - 执行命令: pyinstaller --noconfirm ai_review.spec
2025-02-27 17:23:26,208 - INFO - 命令输出:
宸叉垚鍔熸竻鐞嗘墍鏈夋枃浠讹紒

2025-02-27 17:23:26,209 - INFO - 主程序打包成功: C:\Users\6seve\CodeLib_win\AI-Review-win\dist\AI审校助手.exe
2025-02-27 17:23:26,209 - INFO - 文件大小: 26709826 字节
2025-02-27 17:23:26,209 - INFO - 开始打包安装程序...
2025-02-27 17:23:26,215 - INFO - 已删除旧版本: C:\Users\6seve\CodeLib_win\AI-Review-win\AI审校助手.exe
2025-02-27 17:23:26,215 - INFO - 使用新版本主程序:
2025-02-27 17:23:26,215 - INFO -   路径: C:\Users\6seve\CodeLib_win\AI-Review-win\dist\AI审校助手.exe
2025-02-27 17:23:26,215 - INFO -   大小: 26709826 字节
2025-02-27 17:23:26,217 - INFO -   修改时间: 2025-02-27 17:23:26.029308
2025-02-27 17:23:26,217 - INFO - 复制主程序: C:\Users\6seve\CodeLib_win\AI-Review-win\dist\AI审校助手.exe -> C:\Users\6seve\CodeLib_win\AI-Review-win\scripts\AI审校助手.exe
2025-02-27 17:23:26,232 - INFO - 主程序复制成功，大小: 26709826 字节
2025-02-27 17:23:26,233 - INFO - 执行命令: rmdir /s /q build
2025-02-27 17:23:26,275 - INFO - 命令输出:

2025-02-27 17:23:26,276 - INFO - 执行命令: rmdir /s /q dist
2025-02-27 17:23:26,301 - INFO - 命令输出:

2025-02-27 17:23:26,302 - INFO - 执行命令: pyinstaller --noconfirm installer.spec
2025-02-27 17:23:27,879 - ERROR - 命令执行失败:
493 INFO: PyInstaller: 6.6.0, contrib hooks: 2024.6
494 INFO: Python: 3.12.4
612 INFO: Platform: Windows-11-10.0.26100-SP0
617 INFO: Extending PYTHONPATH with paths
['C:\\Users\\6seve\\CodeLib_win\\AI-Review-win\\scripts']
1102 INFO: Appending 'datas' from .spec
Unable to find 'C:\\Users\\6seve\\CodeLib_win\\AI-Review-win\\AI审校助手.exe' when adding binary and data files.

2025-02-27 17:23:27,883 - INFO - 清理临时主程序文件
2025-02-27 17:23:27,883 - ERROR - 安装程序打包失败
