2025-02-27 17:16:55,019 - INFO - 开始构建过程...
2025-02-27 17:16:55,019 - INFO - 开始打包主程序...
2025-02-27 17:16:55,020 - INFO - 执行命令: rmdir /s /q build
2025-02-27 17:16:55,061 - INFO - 命令输出:

2025-02-27 17:16:55,061 - INFO - 执行命令: rmdir /s /q dist
2025-02-27 17:16:55,093 - INFO - 命令输出:

2025-02-27 17:16:55,094 - INFO - 执行命令: pyinstaller --noconfirm ai_review.spec
2025-02-27 17:18:18,580 - INFO - 命令输出:
宸叉垚鍔熸竻鐞嗘墍鏈夋枃浠讹紒

2025-02-27 17:18:18,581 - INFO - 主程序打包成功: C:\Users\6seve\CodeLib_win\AI-Review-win\dist\AI审校助手.exe
2025-02-27 17:18:18,582 - INFO - 文件大小: 26709826 字节
2025-02-27 17:18:18,582 - INFO - 开始打包安装程序...
2025-02-27 17:18:18,582 - INFO - 检查主程序可能的位置:
2025-02-27 17:18:18,582 - INFO - 找到主程序: C:\Users\6seve\CodeLib_win\AI-Review-win\dist\AI审校助手.exe
2025-02-27 17:18:18,582 - INFO -   修改时间: 2025-02-27 17:18:18.390755
2025-02-27 17:18:18,583 - INFO -   文件大小: 26709826 字节
2025-02-27 17:18:18,583 - INFO -   [最新版本]
2025-02-27 17:18:18,583 - INFO - 找到主程序: C:\Users\6seve\CodeLib_win\AI-Review-win\AI审校助手.exe
2025-02-27 17:18:18,584 - INFO -   修改时间: 2025-02-27 14:56:40.917479
2025-02-27 17:18:18,584 - INFO -   文件大小: 26689171 字节
2025-02-27 17:18:18,584 - INFO - 未找到: C:\Users\6seve\CodeLib_win\AI-Review-win\scripts\AI审校助手.exe
2025-02-27 17:18:18,585 - INFO - 找到主程序: C:\Users\6seve\CodeLib_win\AI-Review-win\AI审校助手.exe
2025-02-27 17:18:18,585 - INFO -   修改时间: 2025-02-27 14:56:40.917479
2025-02-27 17:18:18,586 - INFO -   文件大小: 26689171 字节
2025-02-27 17:18:18,587 - INFO - 找到主程序: C:\Users\6seve\CodeLib_win\AI-Review-win\dist\AI审校助手.exe
2025-02-27 17:18:18,587 - INFO -   修改时间: 2025-02-27 17:18:18.390755
2025-02-27 17:18:18,587 - INFO -   文件大小: 26709826 字节
2025-02-27 17:18:18,587 - INFO - 
将使用此版本的主程序: C:\Users\6seve\CodeLib_win\AI-Review-win\dist\AI审校助手.exe
2025-02-27 17:18:18,589 - INFO - 复制主程序: C:\Users\6seve\CodeLib_win\AI-Review-win\dist\AI审校助手.exe -> C:\Users\6seve\CodeLib_win\AI-Review-win\scripts\AI审校助手.exe
2025-02-27 17:18:18,602 - INFO - 主程序复制成功，大小: 26709826 字节
2025-02-27 17:18:18,602 - INFO - 执行命令: rmdir /s /q build
2025-02-27 17:18:18,629 - INFO - 命令输出:

2025-02-27 17:18:18,629 - INFO - 执行命令: rmdir /s /q dist
2025-02-27 17:18:18,654 - INFO - 命令输出:

2025-02-27 17:18:18,654 - INFO - 执行命令: pyinstaller --noconfirm installer.spec
2025-02-27 17:18:41,574 - INFO - 命令输出:

2025-02-27 17:18:41,578 - INFO - 清理临时主程序文件
2025-02-27 17:18:41,578 - INFO - 构建过程完成!
2025-02-27 17:18:41,579 - INFO - 日志文件保存在: build_logs\build_20250227_171655.log
