2025-02-27 17:08:01,644 - INFO - 开始构建过程...
2025-02-27 17:08:01,645 - INFO - 开始打包主程序...
2025-02-27 17:08:01,645 - INFO - 执行命令: rmdir /s /q build
2025-02-27 17:08:01,682 - INFO - 命令输出:

2025-02-27 17:08:01,683 - INFO - 执行命令: rmdir /s /q dist
2025-02-27 17:08:01,709 - INFO - 命令输出:

2025-02-27 17:08:01,709 - INFO - 执行命令: pyinstaller --noconfirm ai_review.spec
2025-02-27 17:09:24,468 - INFO - 命令输出:
宸叉垚鍔熸竻鐞嗘墍鏈夋枃浠讹紒

2025-02-27 17:09:24,468 - INFO - 主程序打包成功: C:\Users\6seve\CodeLib_win\AI-Review-win\dist\AI审校助手.exe
2025-02-27 17:09:24,468 - INFO - 文件大小: 26709826 字节
2025-02-27 17:09:24,469 - INFO - 开始打包安装程序...
2025-02-27 17:09:24,469 - INFO - 复制主程序: C:\Users\6seve\CodeLib_win\AI-Review-win\dist\AI审校助手.exe -> C:\Users\6seve\CodeLib_win\AI-Review-win\scripts\AI审校助手.exe
2025-02-27 17:09:24,483 - INFO - 主程序复制成功，大小: 26709826 字节
2025-02-27 17:09:24,484 - INFO - 执行命令: rmdir /s /q build
2025-02-27 17:09:24,513 - INFO - 命令输出:

2025-02-27 17:09:24,513 - INFO - 执行命令: rmdir /s /q dist
2025-02-27 17:09:24,537 - INFO - 命令输出:

2025-02-27 17:09:24,537 - INFO - 执行命令: pyinstaller --noconfirm installer.spec
2025-02-27 17:09:46,916 - INFO - 命令输出:

2025-02-27 17:09:46,924 - INFO - 清理临时主程序文件
2025-02-27 17:09:46,924 - INFO - 构建过程完成!
2025-02-27 17:09:46,924 - INFO - 日志文件保存在: build_logs\build_20250227_170801.log
