2025-03-05 14:37:09,298 - INFO - 开始构建过程...
2025-03-05 14:37:09,298 - INFO - 开始打包主程序...
2025-03-05 14:37:09,299 - INFO - 找到安装程序图标: C:\Users\6seve\CodeLib_win\AI-Review-win\material\1-logo.ico (40428 字节)
2025-03-05 14:37:09,300 - INFO - 找到主程序图标: C:\Users\6seve\CodeLib_win\AI-Review-win\material\2-logo.ico (40428 字节)
2025-03-05 14:37:09,300 - INFO - 执行命令: rmdir /s /q build
2025-03-05 14:37:09,331 - INFO - 命令输出:

2025-03-05 14:37:09,331 - INFO - 执行命令: rmdir /s /q dist
2025-03-05 14:37:09,352 - INFO - 命令输出:

2025-03-05 14:37:09,352 - INFO - 执行命令: pyinstaller --noconfirm ai_review.spec
2025-03-05 14:38:26,952 - INFO - 命令输出:
宸叉垚鍔熸竻鐞嗘墍鏈夋枃浠讹紒

2025-03-05 14:38:26,953 - INFO - 主程序打包成功:
2025-03-05 14:38:26,953 - INFO -   路径: C:\Users\6seve\CodeLib_win\AI-Review-win\dist\AI审校助手.exe
2025-03-05 14:38:26,953 - INFO -   大小: 26,710,850 字节
2025-03-05 14:38:26,954 - INFO -   修改时间: 2025-03-05 14:38:26.782022
2025-03-05 14:38:26,954 - INFO - 开始打包安装程序...
2025-03-05 14:38:26,955 - INFO - 执行命令: rmdir /s /q build
2025-03-05 14:38:26,991 - INFO - 命令输出:

2025-03-05 14:38:26,992 - INFO - 执行命令: rmdir /s /q dist
2025-03-05 14:38:27,007 - INFO - 命令输出:

2025-03-05 14:38:27,008 - INFO - 执行命令: pyinstaller --noconfirm installer.spec
2025-03-05 14:39:15,662 - INFO - 命令输出:

2025-03-05 14:39:15,663 - INFO - 安装程序打包成功:
2025-03-05 14:39:15,664 - INFO -   路径: C:\Users\6seve\CodeLib_win\AI-Review-win\scripts\dist\安装程序.exe
2025-03-05 14:39:15,664 - INFO -   大小: 44,430,406 字节
2025-03-05 14:39:15,664 - INFO -   修改时间: 2025-03-05 14:39:15.530853
2025-03-05 14:39:15,666 - INFO - 
构建过程完成!
2025-03-05 14:39:15,667 - INFO - 生成的文件:
2025-03-05 14:39:15,667 - INFO - 1. 主程序: dist/AI审校助手.exe
2025-03-05 14:39:15,668 - INFO - 2. 安装程序: scripts/dist/安装程序.exe
2025-03-05 14:39:15,669 - INFO - 
日志文件保存在: build_logs\build_20250305_143709.log
