2025-02-27 17:24:00,603 - INFO - 开始构建过程...
2025-02-27 17:24:00,604 - INFO - 开始打包主程序...
2025-02-27 17:24:00,605 - INFO - 执行命令: rmdir /s /q build
2025-02-27 17:24:00,642 - INFO - 命令输出:

2025-02-27 17:24:00,642 - INFO - 执行命令: rmdir /s /q dist
2025-02-27 17:24:00,666 - INFO - 命令输出:

2025-02-27 17:24:00,667 - INFO - 执行命令: pyinstaller --noconfirm ai_review.spec
2025-02-27 17:25:28,882 - INFO - 命令输出:
宸叉垚鍔熸竻鐞嗘墍鏈夋枃浠讹紒

2025-02-27 17:25:28,883 - INFO - 主程序打包成功: C:\Users\6seve\CodeLib_win\AI-Review-win\dist\AI审校助手.exe
2025-02-27 17:25:28,883 - INFO - 文件大小: 26709826 字节
2025-02-27 17:25:28,883 - INFO - 开始打包安装程序...
2025-02-27 17:25:28,884 - INFO - 使用新版本主程序:
2025-02-27 17:25:28,884 - INFO -   路径: C:\Users\6seve\CodeLib_win\AI-Review-win\dist\AI审校助手.exe
2025-02-27 17:25:28,884 - INFO -   大小: 26709826 字节
2025-02-27 17:25:28,884 - INFO -   修改时间: 2025-02-27 17:25:28.709839
2025-02-27 17:25:28,885 - INFO - 复制主程序: C:\Users\6seve\CodeLib_win\AI-Review-win\dist\AI审校助手.exe -> C:\Users\6seve\CodeLib_win\AI-Review-win\scripts\AI审校助手.exe
2025-02-27 17:25:28,900 - INFO - 主程序复制成功，大小: 26709826 字节
2025-02-27 17:25:28,901 - INFO - 执行命令: rmdir /s /q build
2025-02-27 17:25:28,917 - INFO - 命令输出:

2025-02-27 17:25:28,917 - INFO - 执行命令: rmdir /s /q dist
2025-02-27 17:25:28,933 - INFO - 命令输出:

2025-02-27 17:25:28,933 - INFO - 执行命令: pyinstaller --noconfirm installer.spec
2025-02-27 17:26:12,966 - INFO - 命令输出:

2025-02-27 17:26:12,967 - INFO - 清理临时主程序文件
2025-02-27 17:26:12,968 - INFO - 构建过程完成!
2025-02-27 17:26:12,968 - INFO - 日志文件保存在: build_logs\build_20250227_172400.log
