2025-03-09 00:42:45,676 - INFO - 开始构建过程...
2025-03-09 00:42:45,677 - INFO - 开始打包主程序...
2025-03-09 00:42:45,677 - INFO - 找到安装程序图标: c:\Users\6seve\CodeLib_win\AI-Review-win\material\1-logo.ico (40428 字节)
2025-03-09 00:42:45,679 - INFO - 找到主程序图标: c:\Users\6seve\CodeLib_win\AI-Review-win\material\2-logo.ico (40428 字节)
2025-03-09 00:42:45,679 - INFO - 执行命令: rmdir /s /q build
2025-03-09 00:42:45,730 - INFO - 命令输出:

2025-03-09 00:42:45,730 - INFO - 执行命令: rmdir /s /q dist
2025-03-09 00:42:45,762 - INFO - 命令输出:

2025-03-09 00:42:45,762 - INFO - 执行命令: pyinstaller --noconfirm ai_review.spec
2025-03-09 00:44:24,681 - INFO - 命令输出:
宸叉垚鍔熸竻鐞嗘墍鏈夋枃浠讹紒

2025-03-09 00:44:24,682 - INFO - 主程序打包成功:
2025-03-09 00:44:24,684 - INFO -   路径: c:\Users\6seve\CodeLib_win\AI-Review-win\dist\AI审校助手.exe
2025-03-09 00:44:24,684 - INFO -   大小: 30,034,596 字节
2025-03-09 00:44:24,685 - INFO -   修改时间: 2025-03-09 00:44:24.488493
2025-03-09 00:44:24,685 - INFO - 开始打包安装程序...
2025-03-09 00:44:24,686 - INFO - 执行命令: rmdir /s /q build
2025-03-09 00:44:24,720 - INFO - 命令输出:

2025-03-09 00:44:24,720 - INFO - 执行命令: rmdir /s /q dist
2025-03-09 00:44:24,742 - INFO - 命令输出:

2025-03-09 00:44:24,744 - INFO - 执行命令: pyinstaller --noconfirm installer.spec
2025-03-09 00:45:17,663 - INFO - 命令输出:

2025-03-09 00:45:17,664 - INFO - 安装程序打包成功:
2025-03-09 00:45:17,664 - INFO -   路径: c:\Users\6seve\CodeLib_win\AI-Review-win\scripts\dist\安装程序.exe
2025-03-09 00:45:17,665 - INFO -   大小: 50,118,946 字节
2025-03-09 00:45:17,665 - INFO -   修改时间: 2025-03-09 00:45:17.522828
2025-03-09 00:45:17,666 - INFO - 
构建过程完成!
2025-03-09 00:45:17,666 - INFO - 生成的文件:
2025-03-09 00:45:17,666 - INFO - 1. 主程序: dist/AI审校助手.exe
2025-03-09 00:45:17,666 - INFO - 2. 安装程序: scripts/dist/安装程序.exe
2025-03-09 00:45:17,667 - INFO - 
日志文件保存在: build_logs\build_20250309_004245.log
