2025-03-09 13:09:08,975 - INFO - 开始构建过程...
2025-03-09 13:09:08,976 - INFO - 开始打包主程序...
2025-03-09 13:09:08,976 - INFO - 找到安装程序图标: c:\Users\6seve\CodeLib_win\AI-Review-win\material\1-logo.ico (40428 字节)
2025-03-09 13:09:08,976 - INFO - 找到主程序图标: c:\Users\6seve\CodeLib_win\AI-Review-win\material\2-logo.ico (40428 字节)
2025-03-09 13:09:08,977 - INFO - 执行命令: rmdir /s /q build
2025-03-09 13:09:08,999 - INFO - 命令输出:

2025-03-09 13:09:09,000 - INFO - 执行命令: rmdir /s /q dist
2025-03-09 13:09:09,012 - INFO - 命令输出:

2025-03-09 13:09:09,012 - INFO - 执行命令: pyinstaller --noconfirm ai_review.spec
2025-03-09 13:10:18,791 - INFO - 命令输出:
宸叉垚鍔熸竻鐞嗘墍鏈夋枃浠讹紒

2025-03-09 13:10:18,791 - INFO - 主程序打包成功:
2025-03-09 13:10:18,792 - INFO -   路径: c:\Users\6seve\CodeLib_win\AI-Review-win\dist\AI审校助手.exe
2025-03-09 13:10:18,793 - INFO -   大小: 30,034,596 字节
2025-03-09 13:10:18,793 - INFO -   修改时间: 2025-03-09 13:10:18.607051
2025-03-09 13:10:18,793 - INFO - 开始打包安装程序...
2025-03-09 13:10:18,794 - INFO - 执行命令: rmdir /s /q build
2025-03-09 13:10:18,811 - INFO - 命令输出:

2025-03-09 13:10:18,811 - INFO - 执行命令: pyinstaller --noconfirm --distpath c:\Users\6seve\CodeLib_win\AI-Review-win\dist installer.spec
2025-03-09 13:11:01,094 - INFO - 命令输出:

2025-03-09 13:11:01,095 - INFO - 安装程序打包成功:
2025-03-09 13:11:01,095 - INFO -   路径: c:\Users\6seve\CodeLib_win\AI-Review-win\dist\安装程序.exe
2025-03-09 13:11:01,095 - INFO -   大小: 50,120,261 字节
2025-03-09 13:11:01,095 - INFO -   修改时间: 2025-03-09 13:11:01.004552
2025-03-09 13:11:01,095 - INFO - 
构建过程完成!
2025-03-09 13:11:01,095 - INFO - 生成的文件:
2025-03-09 13:11:01,096 - INFO - 1. 主程序: dist/AI审校助手.exe
2025-03-09 13:11:01,096 - INFO - 2. 安装程序: scripts/dist/安装程序.exe
2025-03-09 13:11:01,096 - INFO - 
日志文件保存在: build_logs\build_20250309_130908.log
