2025-03-09 00:51:01,478 - INFO - 开始构建过程...
2025-03-09 00:51:01,478 - INFO - 开始打包主程序...
2025-03-09 00:51:01,480 - INFO - 找到安装程序图标: c:\Users\6seve\CodeLib_win\AI-Review-win\material\1-logo.ico (40428 字节)
2025-03-09 00:51:01,480 - INFO - 找到主程序图标: c:\Users\6seve\CodeLib_win\AI-Review-win\material\2-logo.ico (40428 字节)
2025-03-09 00:51:01,480 - INFO - 执行命令: rmdir /s /q build
2025-03-09 00:51:01,537 - INFO - 命令输出:

2025-03-09 00:51:01,538 - INFO - 执行命令: rmdir /s /q dist
2025-03-09 00:51:01,565 - INFO - 命令输出:

2025-03-09 00:51:01,566 - INFO - 执行命令: pyinstaller --noconfirm ai_review.spec
2025-03-09 00:52:31,689 - INFO - 命令输出:
宸叉垚鍔熸竻鐞嗘墍鏈夋枃浠讹紒

2025-03-09 00:52:31,689 - INFO - 主程序打包成功:
2025-03-09 00:52:31,690 - INFO -   路径: c:\Users\6seve\CodeLib_win\AI-Review-win\dist\AI审校助手.exe
2025-03-09 00:52:31,691 - INFO -   大小: 30,034,596 字节
2025-03-09 00:52:31,691 - INFO -   修改时间: 2025-03-09 00:52:31.485593
2025-03-09 00:52:31,692 - INFO - 开始打包安装程序...
2025-03-09 00:52:31,692 - INFO - 执行命令: rmdir /s /q build
2025-03-09 00:52:31,735 - INFO - 命令输出:

2025-03-09 00:52:31,736 - INFO - 执行命令: rmdir /s /q dist
2025-03-09 00:52:31,760 - INFO - 命令输出:

2025-03-09 00:52:31,760 - INFO - 执行命令: pyinstaller --noconfirm installer.spec
2025-03-09 00:53:22,951 - INFO - 命令输出:

2025-03-09 00:53:22,952 - INFO - 安装程序打包成功:
2025-03-09 00:53:22,953 - INFO -   路径: c:\Users\6seve\CodeLib_win\AI-Review-win\scripts\dist\安装程序.exe
2025-03-09 00:53:22,953 - INFO -   大小: 50,119,198 字节
2025-03-09 00:53:22,954 - INFO -   修改时间: 2025-03-09 00:53:22.811009
2025-03-09 00:53:22,954 - INFO - 
构建过程完成!
2025-03-09 00:53:22,954 - INFO - 生成的文件:
2025-03-09 00:53:22,954 - INFO - 1. 主程序: dist/AI审校助手.exe
2025-03-09 00:53:22,956 - INFO - 2. 安装程序: scripts/dist/安装程序.exe
2025-03-09 00:53:22,956 - INFO - 
日志文件保存在: build_logs\build_20250309_005101.log
