2025-03-09 00:14:56,240 - INFO - 开始构建过程...
2025-03-09 00:14:56,241 - INFO - 开始打包主程序...
2025-03-09 00:14:56,242 - INFO - 找到安装程序图标: c:\Users\6seve\CodeLib_win\AI-Review-win\material\1-logo.ico (40428 字节)
2025-03-09 00:14:56,242 - INFO - 找到主程序图标: c:\Users\6seve\CodeLib_win\AI-Review-win\material\2-logo.ico (40428 字节)
2025-03-09 00:14:56,243 - INFO - 执行命令: rmdir /s /q build
2025-03-09 00:14:56,285 - INFO - 命令输出:

2025-03-09 00:14:56,286 - INFO - 执行命令: rmdir /s /q dist
2025-03-09 00:14:56,317 - INFO - 命令输出:

2025-03-09 00:14:56,317 - INFO - 执行命令: pyinstaller --noconfirm ai_review.spec
2025-03-09 00:16:38,631 - INFO - 命令输出:
宸叉垚鍔熸竻鐞嗘墍鏈夋枃浠讹紒

2025-03-09 00:16:38,632 - INFO - 主程序打包成功:
2025-03-09 00:16:38,633 - INFO -   路径: c:\Users\6seve\CodeLib_win\AI-Review-win\dist\AI审校助手.exe
2025-03-09 00:16:38,633 - INFO -   大小: 30,034,596 字节
2025-03-09 00:16:38,635 - INFO -   修改时间: 2025-03-09 00:16:38.294546
2025-03-09 00:16:38,636 - INFO - 开始打包安装程序...
2025-03-09 00:16:38,637 - INFO - 执行命令: rmdir /s /q build
2025-03-09 00:16:38,680 - INFO - 命令输出:

2025-03-09 00:16:38,680 - INFO - 执行命令: rmdir /s /q dist
2025-03-09 00:16:38,709 - INFO - 命令输出:

2025-03-09 00:16:38,709 - INFO - 执行命令: pyinstaller --noconfirm installer.spec
2025-03-09 00:17:46,844 - INFO - 命令输出:

2025-03-09 00:17:46,846 - INFO - 安装程序打包成功:
2025-03-09 00:17:46,846 - INFO -   路径: c:\Users\6seve\CodeLib_win\AI-Review-win\scripts\dist\安装程序.exe
2025-03-09 00:17:46,847 - INFO -   大小: 50,120,881 字节
2025-03-09 00:17:46,849 - INFO -   修改时间: 2025-03-09 00:17:46.573806
2025-03-09 00:17:46,851 - INFO - 
构建过程完成!
2025-03-09 00:17:46,852 - INFO - 生成的文件:
2025-03-09 00:17:46,853 - INFO - 1. 主程序: dist/AI审校助手.exe
2025-03-09 00:17:46,853 - INFO - 2. 安装程序: scripts/dist/安装程序.exe
2025-03-09 00:17:46,855 - INFO - 
日志文件保存在: build_logs\build_20250309_001456.log
