2025-03-09 00:48:40,302 - INFO - 开始构建过程...
2025-03-09 00:48:40,302 - INFO - 开始打包主程序...
2025-03-09 00:48:40,303 - INFO - 找到安装程序图标: c:\Users\6seve\CodeLib_win\AI-Review-win\material\1-logo.ico (40428 字节)
2025-03-09 00:48:40,304 - INFO - 找到主程序图标: c:\Users\6seve\CodeLib_win\AI-Review-win\material\2-logo.ico (40428 字节)
2025-03-09 00:48:40,304 - INFO - 执行命令: rmdir /s /q build
2025-03-09 00:48:40,344 - INFO - 命令输出:

2025-03-09 00:48:40,344 - INFO - 执行命令: rmdir /s /q dist
2025-03-09 00:48:40,378 - INFO - 命令输出:

2025-03-09 00:48:40,379 - INFO - 执行命令: pyinstaller --noconfirm ai_review.spec
2025-03-09 00:50:09,120 - INFO - 命令输出:
宸叉垚鍔熸竻鐞嗘墍鏈夋枃浠讹紒

2025-03-09 00:50:09,121 - INFO - 主程序打包成功:
2025-03-09 00:50:09,121 - INFO -   路径: c:\Users\6seve\CodeLib_win\AI-Review-win\dist\AI审校助手.exe
2025-03-09 00:50:09,121 - INFO -   大小: 30,034,596 字节
2025-03-09 00:50:09,122 - INFO -   修改时间: 2025-03-09 00:50:08.924633
2025-03-09 00:50:09,122 - INFO - 开始打包安装程序...
2025-03-09 00:50:09,122 - INFO - 执行命令: rmdir /s /q build
2025-03-09 00:50:09,159 - INFO - 命令输出:

2025-03-09 00:50:09,159 - INFO - 执行命令: rmdir /s /q dist
2025-03-09 00:50:09,182 - INFO - 命令输出:

2025-03-09 00:50:09,183 - INFO - 执行命令: pyinstaller --noconfirm installer.spec
2025-03-09 00:51:01,310 - INFO - 命令输出:

2025-03-09 00:51:01,311 - INFO - 安装程序打包成功:
2025-03-09 00:51:01,311 - INFO -   路径: c:\Users\6seve\CodeLib_win\AI-Review-win\scripts\dist\安装程序.exe
2025-03-09 00:51:01,311 - INFO -   大小: 50,119,198 字节
2025-03-09 00:51:01,312 - INFO -   修改时间: 2025-03-09 00:51:01.162772
2025-03-09 00:51:01,313 - INFO - 
构建过程完成!
2025-03-09 00:51:01,313 - INFO - 生成的文件:
2025-03-09 00:51:01,314 - INFO - 1. 主程序: dist/AI审校助手.exe
2025-03-09 00:51:01,314 - INFO - 2. 安装程序: scripts/dist/安装程序.exe
2025-03-09 00:51:01,314 - INFO - 
日志文件保存在: build_logs\build_20250309_004840.log
