2025-03-08 23:59:38,612 - INFO - 开始构建过程...
2025-03-08 23:59:38,612 - INFO - 开始打包主程序...
2025-03-08 23:59:38,612 - INFO - 找到安装程序图标: c:\Users\6seve\CodeLib_win\AI-Review-win\material\1-logo.ico (40428 字节)
2025-03-08 23:59:38,614 - INFO - 找到主程序图标: c:\Users\6seve\CodeLib_win\AI-Review-win\material\2-logo.ico (40428 字节)
2025-03-08 23:59:38,614 - INFO - 执行命令: rmdir /s /q build
2025-03-08 23:59:38,643 - INFO - 命令输出:

2025-03-08 23:59:38,643 - INFO - 执行命令: rmdir /s /q dist
2025-03-08 23:59:38,672 - INFO - 命令输出:

2025-03-08 23:59:38,673 - INFO - 执行命令: pyinstaller --noconfirm ai_review.spec
2025-03-09 00:01:32,996 - INFO - 命令输出:
宸叉垚鍔熸竻鐞嗘墍鏈夋枃浠讹紒

2025-03-09 00:01:32,997 - INFO - 主程序打包成功:
2025-03-09 00:01:32,998 - INFO -   路径: c:\Users\6seve\CodeLib_win\AI-Review-win\dist\AI审校助手.exe
2025-03-09 00:01:32,999 - INFO -   大小: 30,034,596 字节
2025-03-09 00:01:33,000 - INFO -   修改时间: 2025-03-09 00:01:32.632493
2025-03-09 00:01:33,000 - INFO - 开始打包安装程序...
2025-03-09 00:01:33,001 - INFO - 执行命令: pyinstaller --noconfirm installer.spec
2025-03-09 00:02:44,368 - INFO - 命令输出:

2025-03-09 00:02:44,369 - INFO - 安装程序打包成功:
2025-03-09 00:02:44,370 - INFO -   路径: c:\Users\6seve\CodeLib_win\AI-Review-win\scripts\dist\安装程序.exe
2025-03-09 00:02:44,370 - INFO -   大小: 49,924,197 字节
2025-03-09 00:02:44,370 - INFO -   修改时间: 2025-03-09 00:02:44.110126
2025-03-09 00:02:44,371 - INFO - 
构建过程完成!
2025-03-09 00:02:44,371 - INFO - 生成的文件:
2025-03-09 00:02:44,372 - INFO - 1. 主程序: dist/AI审校助手.exe
2025-03-09 00:02:44,372 - INFO - 2. 安装程序: scripts/dist/安装程序.exe
2025-03-09 00:02:44,372 - INFO - 
日志文件保存在: build_logs\build_20250308_235938.log
