2025-03-05 15:37:39,920 - INFO - 开始构建过程...
2025-03-05 15:37:39,921 - INFO - 开始打包主程序...
2025-03-05 15:37:39,921 - INFO - 找到安装程序图标: c:\Users\6seve\CodeLib_win\AI-Review-win\material\1-logo.ico (40428 字节)
2025-03-05 15:37:39,921 - INFO - 找到主程序图标: c:\Users\6seve\CodeLib_win\AI-Review-win\material\2-logo.ico (40428 字节)
2025-03-05 15:37:39,921 - INFO - 执行命令: rmdir /s /q build
2025-03-05 15:37:39,942 - INFO - 命令输出:

2025-03-05 15:37:39,943 - INFO - 执行命令: rmdir /s /q dist
2025-03-05 15:37:39,957 - INFO - 命令输出:

2025-03-05 15:37:39,958 - INFO - 执行命令: pyinstaller --noconfirm ai_review.spec
2025-03-05 15:38:16,452 - INFO - 命令输出:
宸叉垚鍔熸竻鐞嗘墍鏈夋枃浠讹紒

2025-03-05 15:38:16,452 - INFO - 主程序打包成功:
2025-03-05 15:38:16,452 - INFO -   路径: c:\Users\6seve\CodeLib_win\AI-Review-win\dist\AI审校助手.exe
2025-03-05 15:38:16,453 - INFO -   大小: 26,710,890 字节
2025-03-05 15:38:16,453 - INFO -   修改时间: 2025-03-05 15:38:16.266808
2025-03-05 15:38:16,453 - INFO - 开始打包安装程序...
2025-03-05 15:38:16,453 - INFO - 执行命令: rmdir /s /q build
2025-03-05 15:38:16,471 - INFO - 命令输出:

2025-03-05 15:38:16,472 - INFO - 执行命令: rmdir /s /q dist
2025-03-05 15:38:16,482 - INFO - 命令输出:

2025-03-05 15:38:16,483 - INFO - 执行命令: pyinstaller --noconfirm installer.spec
2025-03-05 15:38:40,816 - INFO - 命令输出:

2025-03-05 15:38:40,816 - INFO - 安装程序打包成功:
2025-03-05 15:38:40,816 - INFO -   路径: c:\Users\6seve\CodeLib_win\AI-Review-win\scripts\dist\安装程序.exe
2025-03-05 15:38:40,816 - INFO -   大小: 44,499,332 字节
2025-03-05 15:38:40,817 - INFO -   修改时间: 2025-03-05 15:38:40.730582
2025-03-05 15:38:40,817 - INFO - 
构建过程完成!
2025-03-05 15:38:40,817 - INFO - 生成的文件:
2025-03-05 15:38:40,817 - INFO - 1. 主程序: dist/AI审校助手.exe
2025-03-05 15:38:40,817 - INFO - 2. 安装程序: scripts/dist/安装程序.exe
2025-03-05 15:38:40,817 - INFO - 
日志文件保存在: build_logs\build_20250305_153739.log
