2025-03-09 12:59:37,288 - INFO - 开始构建过程...
2025-03-09 12:59:37,288 - INFO - 开始打包主程序...
2025-03-09 12:59:37,288 - INFO - 找到安装程序图标: c:\Users\6seve\CodeLib_win\AI-Review-win\material\1-logo.ico (40428 字节)
2025-03-09 12:59:37,289 - INFO - 找到主程序图标: c:\Users\6seve\CodeLib_win\AI-Review-win\material\2-logo.ico (40428 字节)
2025-03-09 12:59:37,289 - INFO - 执行命令: rmdir /s /q build
2025-03-09 12:59:37,319 - INFO - 命令输出:

2025-03-09 12:59:37,319 - INFO - 执行命令: rmdir /s /q dist
2025-03-09 12:59:37,335 - INFO - 命令输出:

2025-03-09 12:59:37,336 - INFO - 执行命令: pyinstaller --noconfirm ai_review.spec
2025-03-09 13:00:53,131 - INFO - 命令输出:
宸叉垚鍔熸竻鐞嗘墍鏈夋枃浠讹紒

2025-03-09 13:00:53,131 - INFO - 主程序打包成功:
2025-03-09 13:00:53,131 - INFO -   路径: c:\Users\6seve\CodeLib_win\AI-Review-win\dist\AI审校助手.exe
2025-03-09 13:00:53,132 - INFO -   大小: 30,034,596 字节
2025-03-09 13:00:53,132 - INFO -   修改时间: 2025-03-09 13:00:52.936152
2025-03-09 13:00:53,132 - INFO - 开始打包安装程序...
2025-03-09 13:00:53,132 - INFO - 执行命令: pyinstaller --noconfirm --distpath c:\Users\6seve\CodeLib_win\AI-Review-win\dist installer.spec
2025-03-09 13:01:29,567 - INFO - 命令输出:

2025-03-09 13:01:29,568 - INFO - 安装程序打包成功:
2025-03-09 13:01:29,568 - INFO -   路径: c:\Users\6seve\CodeLib_win\AI-Review-win\dist\安装程序.exe
2025-03-09 13:01:29,568 - INFO -   大小: 50,119,699 字节
2025-03-09 13:01:29,568 - INFO -   修改时间: 2025-03-09 13:01:29.439671
2025-03-09 13:01:29,568 - INFO - 
构建过程完成!
2025-03-09 13:01:29,569 - INFO - 生成的文件:
2025-03-09 13:01:29,569 - INFO - 1. 主程序: dist/AI审校助手.exe
2025-03-09 13:01:29,569 - INFO - 2. 安装程序: scripts/dist/安装程序.exe
2025-03-09 13:01:29,569 - INFO - 
日志文件保存在: build_logs\build_20250309_125937.log
