2025-03-09 15:05:15,974 - INFO - 开始构建过程...
2025-03-09 15:05:15,974 - INFO - 开始打包主程序...
2025-03-09 15:05:15,975 - INFO - 找到安装程序图标: c:\Users\6seve\CodeLib_win\AI-Review-win\material\1-logo.ico (40428 字节)
2025-03-09 15:05:15,975 - INFO - 找到主程序图标: c:\Users\6seve\CodeLib_win\AI-Review-win\material\2-logo.ico (40428 字节)
2025-03-09 15:05:15,975 - INFO - 执行命令: rmdir /s /q build
2025-03-09 15:05:15,993 - INFO - 命令输出:

2025-03-09 15:05:15,995 - INFO - 执行命令: rmdir /s /q dist
2025-03-09 15:05:16,005 - INFO - 命令输出:

2025-03-09 15:05:16,006 - INFO - 执行命令: pyinstaller --noconfirm ai_review.spec
2025-03-09 15:06:05,094 - INFO - 命令输出:
宸叉垚鍔熸竻鐞嗘墍鏈夋枃浠讹紒

2025-03-09 15:06:05,094 - INFO - 主程序打包成功:
2025-03-09 15:06:05,095 - INFO -   路径: c:\Users\6seve\CodeLib_win\AI-Review-win\dist\AI审校助手.exe
2025-03-09 15:06:05,095 - INFO -   大小: 30,137,983 字节
2025-03-09 15:06:05,095 - INFO -   修改时间: 2025-03-09 15:06:04.964911
2025-03-09 15:06:05,095 - INFO - 开始打包安装程序...
2025-03-09 15:06:05,095 - INFO - 执行命令: rmdir /s /q build
2025-03-09 15:06:05,114 - INFO - 命令输出:

2025-03-09 15:06:05,114 - INFO - 执行命令: pyinstaller --noconfirm --distpath c:\Users\6seve\CodeLib_win\AI-Review-win\dist installer.spec
2025-03-09 15:06:40,955 - INFO - 命令输出:

2025-03-09 15:06:40,955 - INFO - 安装程序打包成功:
2025-03-09 15:06:40,956 - INFO -   路径: c:\Users\6seve\CodeLib_win\AI-Review-win\dist\安装程序.exe
2025-03-09 15:06:40,956 - INFO -   大小: 50,222,933 字节
2025-03-09 15:06:40,956 - INFO -   修改时间: 2025-03-09 15:06:40.850578
2025-03-09 15:06:40,956 - INFO - 开始打包密钥生成器...
2025-03-09 15:06:40,957 - INFO - 执行命令: rmdir /s /q build
2025-03-09 15:06:40,976 - INFO - 命令输出:

2025-03-09 15:06:40,976 - INFO - 执行命令: pyinstaller --noconfirm --distpath c:\Users\6seve\CodeLib_win\AI-Review-win\dist key_generator.spec
2025-03-09 15:07:17,605 - INFO - 命令输出:
None
2025-03-09 15:07:17,605 - INFO - 密钥生成器打包成功:
2025-03-09 15:07:17,605 - INFO -   路径: c:\Users\6seve\CodeLib_win\AI-Review-win\dist\密钥生成器.exe
2025-03-09 15:07:17,605 - INFO -   大小: 56,058,996 字节
2025-03-09 15:07:17,606 - INFO -   修改时间: 2025-03-09 15:07:17.455494
2025-03-09 15:07:17,606 - INFO - 
构建过程完成!
2025-03-09 15:07:17,606 - INFO - 生成的文件:
2025-03-09 15:07:17,606 - INFO - 1. 主程序: dist/AI审校助手.exe
2025-03-09 15:07:17,606 - INFO - 2. 安装程序: dist/安装程序.exe
2025-03-09 15:07:17,606 - INFO - 3. 密钥生成器: dist/密钥生成器.exe
2025-03-09 15:07:17,607 - INFO - 
日志文件保存在: build_logs\build_20250309_150515.log
