2025-03-09 14:52:01,525 - INFO - 开始构建过程...
2025-03-09 14:52:01,525 - INFO - 开始打包主程序...
2025-03-09 14:52:01,525 - INFO - 找到安装程序图标: c:\Users\6seve\CodeLib_win\AI-Review-win\material\1-logo.ico (40428 字节)
2025-03-09 14:52:01,526 - INFO - 找到主程序图标: c:\Users\6seve\CodeLib_win\AI-Review-win\material\2-logo.ico (40428 字节)
2025-03-09 14:52:01,526 - INFO - 执行命令: rmdir /s /q build
2025-03-09 14:52:01,547 - INFO - 命令输出:

2025-03-09 14:52:01,547 - INFO - 执行命令: rmdir /s /q dist
2025-03-09 14:52:01,561 - INFO - 命令输出:

2025-03-09 14:52:01,562 - INFO - 执行命令: pyinstaller --noconfirm ai_review.spec
2025-03-09 14:53:18,722 - INFO - 命令输出:
宸叉垚鍔熸竻鐞嗘墍鏈夋枃浠讹紒

2025-03-09 14:53:18,722 - INFO - 主程序打包成功:
2025-03-09 14:53:18,723 - INFO -   路径: c:\Users\6seve\CodeLib_win\AI-Review-win\dist\AI审校助手.exe
2025-03-09 14:53:18,723 - INFO -   大小: 30,034,590 字节
2025-03-09 14:53:18,723 - INFO -   修改时间: 2025-03-09 14:53:18.615599
2025-03-09 14:53:18,723 - INFO - 开始打包安装程序...
2025-03-09 14:53:18,724 - INFO - 执行命令: rmdir /s /q build
2025-03-09 14:53:18,737 - INFO - 命令输出:

2025-03-09 14:53:18,737 - INFO - 执行命令: pyinstaller --noconfirm --distpath c:\Users\6seve\CodeLib_win\AI-Review-win\dist installer.spec
2025-03-09 14:53:46,481 - INFO - 命令输出:

2025-03-09 14:53:46,482 - INFO - 安装程序打包成功:
2025-03-09 14:53:46,482 - INFO -   路径: c:\Users\6seve\CodeLib_win\AI-Review-win\dist\安装程序.exe
2025-03-09 14:53:46,482 - INFO -   大小: 50,120,255 字节
2025-03-09 14:53:46,482 - INFO -   修改时间: 2025-03-09 14:53:46.389630
2025-03-09 14:53:46,482 - INFO - 开始打包密钥生成器...
2025-03-09 14:53:46,483 - INFO - 执行命令: rmdir /s /q build
2025-03-09 14:53:46,499 - INFO - 命令输出:

2025-03-09 14:53:46,499 - INFO - 执行命令: pyinstaller --noconfirm --distpath c:\Users\6seve\CodeLib_win\AI-Review-win\dist key_generator.spec
2025-03-09 14:54:27,202 - INFO - 命令输出:
None
2025-03-09 14:54:27,202 - INFO - 密钥生成器打包成功:
2025-03-09 14:54:27,202 - INFO -   路径: c:\Users\6seve\CodeLib_win\AI-Review-win\dist\密钥生成器.exe
2025-03-09 14:54:27,202 - INFO -   大小: 56,058,996 字节
2025-03-09 14:54:27,203 - INFO -   修改时间: 2025-03-09 14:54:27.015521
2025-03-09 14:54:27,203 - INFO - 
构建过程完成!
2025-03-09 14:54:27,203 - INFO - 生成的文件:
2025-03-09 14:54:27,203 - INFO - 1. 主程序: dist/AI审校助手.exe
2025-03-09 14:54:27,203 - INFO - 2. 安装程序: dist/安装程序.exe
2025-03-09 14:54:27,203 - INFO - 3. 密钥生成器: dist/密钥生成器.exe
2025-03-09 14:54:27,203 - INFO - 
日志文件保存在: build_logs\build_20250309_145201.log
