2025-03-09 13:05:44,206 - INFO - 开始构建过程...
2025-03-09 13:05:44,206 - INFO - 开始打包主程序...
2025-03-09 13:05:44,207 - INFO - 找到安装程序图标: c:\Users\6seve\CodeLib_win\AI-Review-win\material\1-logo.ico (40428 字节)
2025-03-09 13:05:44,207 - INFO - 找到主程序图标: c:\Users\6seve\CodeLib_win\AI-Review-win\material\2-logo.ico (40428 字节)
2025-03-09 13:05:44,207 - INFO - 执行命令: rmdir /s /q build
2025-03-09 13:05:44,228 - INFO - 命令输出:

2025-03-09 13:05:44,228 - INFO - 执行命令: rmdir /s /q dist
2025-03-09 13:05:44,256 - INFO - 命令输出:

2025-03-09 13:05:44,257 - INFO - 执行命令: pyinstaller --noconfirm ai_review.spec
2025-03-09 13:06:38,792 - INFO - 命令输出:
宸叉垚鍔熸竻鐞嗘墍鏈夋枃浠讹紒

2025-03-09 13:06:38,793 - INFO - 主程序打包成功:
2025-03-09 13:06:38,793 - INFO -   路径: c:\Users\6seve\CodeLib_win\AI-Review-win\dist\AI审校助手.exe
2025-03-09 13:06:38,793 - INFO -   大小: 30,034,596 字节
2025-03-09 13:06:38,794 - INFO -   修改时间: 2025-03-09 13:06:38.561693
2025-03-09 13:06:38,794 - INFO - 开始打包安装程序...
2025-03-09 13:06:38,795 - INFO - 执行命令: rmdir /s /q build
2025-03-09 13:06:38,831 - INFO - 命令输出:

2025-03-09 13:06:38,832 - INFO - 执行命令: pyinstaller --noconfirm --distpath c:\Users\6seve\CodeLib_win\AI-Review-win\dist installer.spec
2025-03-09 13:07:45,790 - INFO - 命令输出:

2025-03-09 13:07:45,791 - INFO - 安装程序打包成功:
2025-03-09 13:07:45,791 - INFO -   路径: c:\Users\6seve\CodeLib_win\AI-Review-win\dist\安装程序.exe
2025-03-09 13:07:45,791 - INFO -   大小: 50,120,261 字节
2025-03-09 13:07:45,791 - INFO -   修改时间: 2025-03-09 13:07:45.643579
2025-03-09 13:07:45,791 - INFO - 
构建过程完成!
2025-03-09 13:07:45,791 - INFO - 生成的文件:
2025-03-09 13:07:45,791 - INFO - 1. 主程序: dist/AI审校助手.exe
2025-03-09 13:07:45,791 - INFO - 2. 安装程序: scripts/dist/安装程序.exe
2025-03-09 13:07:45,793 - INFO - 
日志文件保存在: build_logs\build_20250309_130544.log
