2025-03-09 14:59:44,354 - INFO - 开始构建过程...
2025-03-09 14:59:44,354 - INFO - 开始打包主程序...
2025-03-09 14:59:44,354 - INFO - 找到安装程序图标: c:\Users\6seve\CodeLib_win\AI-Review-win\material\1-logo.ico (40428 字节)
2025-03-09 14:59:44,355 - INFO - 找到主程序图标: c:\Users\6seve\CodeLib_win\AI-Review-win\material\2-logo.ico (40428 字节)
2025-03-09 14:59:44,355 - INFO - 执行命令: rmdir /s /q build
2025-03-09 14:59:44,387 - INFO - 命令输出:

2025-03-09 14:59:44,388 - INFO - 执行命令: rmdir /s /q dist
2025-03-09 14:59:44,398 - INFO - 命令输出:

2025-03-09 14:59:44,399 - INFO - 执行命令: pyinstaller --noconfirm ai_review.spec
2025-03-09 15:00:34,098 - INFO - 命令输出:
宸叉垚鍔熸竻鐞嗘墍鏈夋枃浠讹紒

2025-03-09 15:00:34,098 - INFO - 主程序打包成功:
2025-03-09 15:00:34,098 - INFO -   路径: c:\Users\6seve\CodeLib_win\AI-Review-win\dist\AI审校助手.exe
2025-03-09 15:00:34,098 - INFO -   大小: 30,137,983 字节
2025-03-09 15:00:34,099 - INFO -   修改时间: 2025-03-09 15:00:33.983505
2025-03-09 15:00:34,099 - INFO - 开始打包安装程序...
2025-03-09 15:00:34,099 - INFO - 执行命令: rmdir /s /q build
2025-03-09 15:00:34,118 - INFO - 命令输出:

2025-03-09 15:00:34,118 - INFO - 执行命令: pyinstaller --noconfirm --distpath c:\Users\6seve\CodeLib_win\AI-Review-win\dist installer.spec
2025-03-09 15:01:07,376 - INFO - 命令输出:

2025-03-09 15:01:07,377 - INFO - 安装程序打包成功:
2025-03-09 15:01:07,377 - INFO -   路径: c:\Users\6seve\CodeLib_win\AI-Review-win\dist\安装程序.exe
2025-03-09 15:01:07,377 - INFO -   大小: 50,222,932 字节
2025-03-09 15:01:07,377 - INFO -   修改时间: 2025-03-09 15:01:07.272190
2025-03-09 15:01:07,377 - INFO - 开始打包密钥生成器...
2025-03-09 15:01:07,378 - INFO - 执行命令: rmdir /s /q build
2025-03-09 15:01:07,398 - INFO - 命令输出:

2025-03-09 15:01:07,398 - INFO - 执行命令: pyinstaller --noconfirm --distpath c:\Users\6seve\CodeLib_win\AI-Review-win\dist key_generator.spec
2025-03-09 15:01:44,695 - INFO - 命令输出:
None
2025-03-09 15:01:44,695 - INFO - 密钥生成器打包成功:
2025-03-09 15:01:44,695 - INFO -   路径: c:\Users\6seve\CodeLib_win\AI-Review-win\dist\密钥生成器.exe
2025-03-09 15:01:44,695 - INFO -   大小: 56,058,996 字节
2025-03-09 15:01:44,696 - INFO -   修改时间: 2025-03-09 15:01:44.566364
2025-03-09 15:01:44,696 - INFO - 
构建过程完成!
2025-03-09 15:01:44,696 - INFO - 生成的文件:
2025-03-09 15:01:44,696 - INFO - 1. 主程序: dist/AI审校助手.exe
2025-03-09 15:01:44,696 - INFO - 2. 安装程序: dist/安装程序.exe
2025-03-09 15:01:44,696 - INFO - 3. 密钥生成器: dist/密钥生成器.exe
2025-03-09 15:01:44,696 - INFO - 
日志文件保存在: build_logs\build_20250309_145944.log
