2025-03-09 00:37:20,854 - INFO - 开始构建过程...
2025-03-09 00:37:20,855 - INFO - 开始打包主程序...
2025-03-09 00:37:20,856 - INFO - 找到安装程序图标: c:\Users\6seve\CodeLib_win\AI-Review-win\material\1-logo.ico (40428 字节)
2025-03-09 00:37:20,857 - INFO - 找到主程序图标: c:\Users\6seve\CodeLib_win\AI-Review-win\material\2-logo.ico (40428 字节)
2025-03-09 00:37:20,857 - INFO - 执行命令: rmdir /s /q build
2025-03-09 00:37:20,932 - INFO - 命令输出:

2025-03-09 00:37:20,932 - INFO - 执行命令: rmdir /s /q dist
2025-03-09 00:37:20,962 - INFO - 命令输出:

2025-03-09 00:37:20,963 - INFO - 执行命令: pyinstaller --noconfirm ai_review.spec
2025-03-09 00:39:42,468 - INFO - 命令输出:
宸叉垚鍔熸竻鐞嗘墍鏈夋枃浠讹紒

2025-03-09 00:39:42,468 - INFO - 主程序打包成功:
2025-03-09 00:39:42,469 - INFO -   路径: c:\Users\6seve\CodeLib_win\AI-Review-win\dist\AI审校助手.exe
2025-03-09 00:39:42,469 - INFO -   大小: 30,034,596 字节
2025-03-09 00:39:42,470 - INFO -   修改时间: 2025-03-09 00:39:42.259416
2025-03-09 00:39:42,470 - INFO - 开始打包安装程序...
2025-03-09 00:39:42,471 - INFO - 执行命令: rmdir /s /q build
2025-03-09 00:39:42,507 - INFO - 命令输出:

2025-03-09 00:39:42,509 - INFO - 执行命令: rmdir /s /q dist
2025-03-09 00:39:42,532 - INFO - 命令输出:

2025-03-09 00:39:42,532 - INFO - 执行命令: pyinstaller --noconfirm installer.spec
2025-03-09 00:40:34,759 - INFO - 命令输出:

2025-03-09 00:40:34,760 - INFO - 安装程序打包成功:
2025-03-09 00:40:34,760 - INFO -   路径: c:\Users\6seve\CodeLib_win\AI-Review-win\scripts\dist\安装程序.exe
2025-03-09 00:40:34,761 - INFO -   大小: 50,118,947 字节
2025-03-09 00:40:34,761 - INFO -   修改时间: 2025-03-09 00:40:34.611640
2025-03-09 00:40:34,762 - INFO - 
构建过程完成!
2025-03-09 00:40:34,762 - INFO - 生成的文件:
2025-03-09 00:40:34,763 - INFO - 1. 主程序: dist/AI审校助手.exe
2025-03-09 00:40:34,763 - INFO - 2. 安装程序: scripts/dist/安装程序.exe
2025-03-09 00:40:34,764 - INFO - 
日志文件保存在: build_logs\build_20250309_003720.log
