2025-03-09 15:18:34,484 - INFO - 开始构建过程...
2025-03-09 15:18:34,484 - INFO - 开始打包主程序...
2025-03-09 15:18:34,484 - INFO - 找到安装程序图标: c:\Users\6seve\CodeLib_win\AI-Review-win\material\1-logo.ico (40428 字节)
2025-03-09 15:18:34,485 - INFO - 找到主程序图标: c:\Users\6seve\CodeLib_win\AI-Review-win\material\2-logo.ico (40428 字节)
2025-03-09 15:18:34,485 - INFO - 执行命令: rmdir /s /q build
2025-03-09 15:18:34,510 - INFO - 命令输出:

2025-03-09 15:18:34,510 - INFO - 执行命令: rmdir /s /q dist
2025-03-09 15:18:34,539 - INFO - 命令输出:

2025-03-09 15:18:34,540 - INFO - 执行命令: pyinstaller --noconfirm ai_review.spec
2025-03-09 15:19:20,161 - INFO - 命令输出:
宸叉垚鍔熸竻鐞嗘墍鏈夋枃浠讹紒

2025-03-09 15:19:20,162 - INFO - 主程序打包成功:
2025-03-09 15:19:20,162 - INFO -   路径: c:\Users\6seve\CodeLib_win\AI-Review-win\dist\AI审校助手.exe
2025-03-09 15:19:20,162 - INFO -   大小: 30,137,983 字节
2025-03-09 15:19:20,162 - INFO -   修改时间: 2025-03-09 15:19:20.032061
2025-03-09 15:19:20,162 - INFO - 开始打包安装程序...
2025-03-09 15:19:20,163 - INFO - 执行命令: rmdir /s /q build
2025-03-09 15:19:20,179 - INFO - 命令输出:

2025-03-09 15:19:20,179 - INFO - 执行命令: pyinstaller --noconfirm --distpath c:\Users\6seve\CodeLib_win\AI-Review-win\dist installer.spec
2025-03-09 15:19:46,321 - INFO - 命令输出:

2025-03-09 15:19:46,322 - INFO - 安装程序打包成功:
2025-03-09 15:19:46,322 - INFO -   路径: c:\Users\6seve\CodeLib_win\AI-Review-win\dist\安装程序.exe
2025-03-09 15:19:46,322 - INFO -   大小: 50,222,933 字节
2025-03-09 15:19:46,322 - INFO -   修改时间: 2025-03-09 15:19:46.235772
2025-03-09 15:19:46,323 - INFO - 开始打包密钥生成器...
2025-03-09 15:19:46,323 - INFO - 执行命令: rmdir /s /q build
2025-03-09 15:19:46,340 - INFO - 命令输出:

2025-03-09 15:19:46,340 - INFO - 执行命令: pyinstaller --noconfirm --distpath c:\Users\6seve\CodeLib_win\AI-Review-win\dist key_generator.spec
2025-03-09 15:20:10,854 - INFO - 命令输出:

2025-03-09 15:20:10,854 - INFO - 密钥生成器打包成功:
2025-03-09 15:20:10,854 - INFO -   路径: c:\Users\6seve\CodeLib_win\AI-Review-win\dist\密钥生成器.exe
2025-03-09 15:20:10,854 - INFO -   大小: 45,353,453 字节
2025-03-09 15:20:10,855 - INFO -   修改时间: 2025-03-09 15:20:10.782721
2025-03-09 15:20:10,855 - INFO - 
构建过程完成!
2025-03-09 15:20:10,855 - INFO - 生成的文件:
2025-03-09 15:20:10,855 - INFO - 1. 主程序: dist/AI审校助手.exe
2025-03-09 15:20:10,855 - INFO - 2. 安装程序: dist/安装程序.exe
2025-03-09 15:20:10,855 - INFO - 3. 密钥生成器: dist/密钥生成器.exe
2025-03-09 15:20:10,855 - INFO - 
日志文件保存在: build_logs\build_20250309_151834.log
