2025-03-09 15:11:38,050 - INFO - 开始构建过程...
2025-03-09 15:11:38,050 - INFO - 开始打包主程序...
2025-03-09 15:11:38,051 - INFO - 找到安装程序图标: C:\Users\6seve\CodeLib_win\AI-Review-win\material\1-logo.ico (40428 字节)
2025-03-09 15:11:38,051 - INFO - 找到主程序图标: C:\Users\6seve\CodeLib_win\AI-Review-win\material\2-logo.ico (40428 字节)
2025-03-09 15:11:38,051 - INFO - 执行命令: rmdir /s /q build
2025-03-09 15:11:38,073 - INFO - 命令输出:

2025-03-09 15:11:38,073 - INFO - 执行命令: rmdir /s /q dist
2025-03-09 15:11:38,085 - INFO - 命令输出:

2025-03-09 15:11:38,085 - INFO - 执行命令: pyinstaller --noconfirm ai_review.spec
2025-03-09 15:12:41,324 - INFO - 命令输出:
宸叉垚鍔熸竻鐞嗘墍鏈夋枃浠讹紒

2025-03-09 15:12:41,325 - INFO - 主程序打包成功:
2025-03-09 15:12:41,325 - INFO -   路径: C:\Users\6seve\CodeLib_win\AI-Review-win\dist\AI审校助手.exe
2025-03-09 15:12:41,325 - INFO -   大小: 30,137,946 字节
2025-03-09 15:12:41,325 - INFO -   修改时间: 2025-03-09 15:12:41.118803
2025-03-09 15:12:41,325 - INFO - 开始打包安装程序...
2025-03-09 15:12:41,326 - INFO - 执行命令: rmdir /s /q build
2025-03-09 15:12:41,351 - INFO - 命令输出:

2025-03-09 15:12:41,351 - INFO - 执行命令: pyinstaller --noconfirm --distpath C:\Users\6seve\CodeLib_win\AI-Review-win\dist installer.spec
2025-03-09 15:13:10,946 - INFO - 命令输出:

2025-03-09 15:13:10,947 - INFO - 安装程序打包成功:
2025-03-09 15:13:10,947 - INFO -   路径: C:\Users\6seve\CodeLib_win\AI-Review-win\dist\安装程序.exe
2025-03-09 15:13:10,947 - INFO -   大小: 50,222,857 字节
2025-03-09 15:13:10,947 - INFO -   修改时间: 2025-03-09 15:13:10.806601
2025-03-09 15:13:10,947 - INFO - 开始打包密钥生成器...
2025-03-09 15:13:10,948 - INFO - 执行命令: rmdir /s /q build
2025-03-09 15:13:10,969 - INFO - 命令输出:

2025-03-09 15:13:10,970 - INFO - 执行命令: pyinstaller --noconfirm --distpath C:\Users\6seve\CodeLib_win\AI-Review-win\dist key_generator.spec
2025-03-09 15:13:40,203 - INFO - 命令输出:

2025-03-09 15:13:40,204 - INFO - 密钥生成器打包成功:
2025-03-09 15:13:40,204 - INFO -   路径: C:\Users\6seve\CodeLib_win\AI-Review-win\dist\密钥生成器.exe
2025-03-09 15:13:40,204 - INFO -   大小: 41,219,038 字节
2025-03-09 15:13:40,204 - INFO -   修改时间: 2025-03-09 15:13:40.105083
2025-03-09 15:13:40,205 - INFO - 
构建过程完成!
2025-03-09 15:13:40,205 - INFO - 生成的文件:
2025-03-09 15:13:40,205 - INFO - 1. 主程序: dist/AI审校助手.exe
2025-03-09 15:13:40,205 - INFO - 2. 安装程序: dist/安装程序.exe
2025-03-09 15:13:40,205 - INFO - 3. 密钥生成器: dist/密钥生成器.exe
2025-03-09 15:13:40,205 - INFO - 
日志文件保存在: build_logs\build_20250309_151138.log
