2025-03-09 12:54:08,154 - INFO - 开始构建过程...
2025-03-09 12:54:08,154 - INFO - 开始打包主程序...
2025-03-09 12:54:08,155 - INFO - 找到安装程序图标: c:\Users\6seve\CodeLib_win\AI-Review-win\material\1-logo.ico (40428 字节)
2025-03-09 12:54:08,155 - INFO - 找到主程序图标: c:\Users\6seve\CodeLib_win\AI-Review-win\material\2-logo.ico (40428 字节)
2025-03-09 12:54:08,155 - INFO - 执行命令: rmdir /s /q build
2025-03-09 12:54:08,181 - INFO - 命令输出:

2025-03-09 12:54:08,181 - INFO - 执行命令: rmdir /s /q dist
2025-03-09 12:54:08,201 - INFO - 命令输出:

2025-03-09 12:54:08,201 - INFO - 执行命令: pyinstaller --noconfirm ai_review.spec
2025-03-09 12:55:10,659 - INFO - 命令输出:
宸叉垚鍔熸竻鐞嗘墍鏈夋枃浠讹紒

2025-03-09 12:55:10,660 - INFO - 主程序打包成功:
2025-03-09 12:55:10,660 - INFO -   路径: c:\Users\6seve\CodeLib_win\AI-Review-win\dist\AI审校助手.exe
2025-03-09 12:55:10,660 - INFO -   大小: 30,034,596 字节
2025-03-09 12:55:10,660 - INFO -   修改时间: 2025-03-09 12:55:10.540106
2025-03-09 12:55:10,661 - INFO - 开始打包安装程序...
2025-03-09 12:55:10,661 - INFO - 执行命令: rmdir /s /q build
2025-03-09 12:55:10,689 - INFO - 命令输出:

2025-03-09 12:55:10,689 - INFO - 执行命令: rmdir /s /q dist
2025-03-09 12:55:10,705 - INFO - 命令输出:

2025-03-09 12:55:10,706 - INFO - 执行命令: pyinstaller --noconfirm installer.spec
2025-03-09 12:55:55,165 - INFO - 命令输出:

2025-03-09 12:55:55,165 - INFO - 安装程序打包成功:
2025-03-09 12:55:55,166 - INFO -   路径: c:\Users\6seve\CodeLib_win\AI-Review-win\scripts\dist\安装程序.exe
2025-03-09 12:55:55,166 - INFO -   大小: 50,119,448 字节
2025-03-09 12:55:55,166 - INFO -   修改时间: 2025-03-09 12:55:55.064750
2025-03-09 12:55:55,166 - INFO - 
构建过程完成!
2025-03-09 12:55:55,166 - INFO - 生成的文件:
2025-03-09 12:55:55,167 - INFO - 1. 主程序: dist/AI审校助手.exe
2025-03-09 12:55:55,167 - INFO - 2. 安装程序: scripts/dist/安装程序.exe
2025-03-09 12:55:55,167 - INFO - 
日志文件保存在: build_logs\build_20250309_125408.log
